<?xml version="1.0" encoding="UTF-8"?>
<!-- Generated by org.testng.reporters.JUnitReportReporter -->
<testsuite hostname="BMUNEGOW-LAP" name="responsys.TestRIPushApp" tests="1" failures="0" timestamp="4 Mar 2020 05:45:36 GMT" time="19.621" errors="0">
  <testcase name="testRIApp" time="19.621" classname="responsys.TestRIPushApp"/>
</testsuite> <!-- responsys.TestRIPushApp -->
